<?xml version="1.0" encoding="UTF-8" standalone="no"?>
<!DOCTYPE log SYSTEM "logger.dtd">
<log>
<record>
  <date>2015-01-23T16:01:18</date>
  <millis>1422025278238</millis>
  <sequence>0</sequence>
  <logger>jMetal</logger>
  <level>INFO</level>
  <class>Main</class>
  <method>main</method>
  <thread>1</thread>
  <message>Total execution time: 2718ms</message>
</record>
<record>
  <date>2015-01-23T16:01:18</date>
  <millis>1422025278289</millis>
  <sequence>1</sequence>
  <logger>jMetal</logger>
  <level>INFO</level>
  <class>Main</class>
  <method>main</method>
  <thread>1</thread>
  <message>Variables values have been written to file VAR</message>
</record>
<record>
  <date>2015-01-23T16:01:18</date>
  <millis>1422025278290</millis>
  <sequence>2</sequence>
  <logger>jMetal</logger>
  <level>INFO</level>
  <class>Main</class>
  <method>main</method>
  <thread>1</thread>
  <message>Objectives values have been written to file FUN</message>
</record>
</log>
