<?xml version="1.0" encoding="UTF-8" standalone="no"?>
<!DOCTYPE log SYSTEM "logger.dtd">
<log>
<record>
  <date>2015-02-26T19:11:21</date>
  <millis>1424974281080</millis>
  <sequence>0</sequence>
  <logger>jMetal</logger>
  <level>INFO</level>
  <class>Main</class>
  <method>main</method>
  <thread>1</thread>
  <message>Total execution time: 2926ms</message>
</record>
<record>
  <date>2015-02-26T19:11:21</date>
  <millis>1424974281128</millis>
  <sequence>1</sequence>
  <logger>jMetal</logger>
  <level>INFO</level>
  <class>Main</class>
  <method>main</method>
  <thread>1</thread>
  <message>Variables values have been written to file VAR</message>
</record>
<record>
  <date>2015-02-26T19:11:21</date>
  <millis>1424974281129</millis>
  <sequence>2</sequence>
  <logger>jMetal</logger>
  <level>INFO</level>
  <class>Main</class>
  <method>main</method>
  <thread>1</thread>
  <message>Objectives values have been written to file FUN</message>
</record>
</log>
